Added new book "livro" at 21/2/2015.
Book "livro" was rented by student rafael at 21/2/2015.
Added new book "livro" at 21/2/2015.
Book "livro" was rented by student rafael at 21/2/2015.
Book "livro" was rented by student pedro at 21/2/2015.
Book "livro" was rented by student pedro at 21/2/2015.
Added new book "livro" at 21/2/2134.
Book "livro" was rented by student rafael at 21/2/2134.
Added new book "livro" at 21/2/2134.
Added new book "livro" at 21/2/2015.
Book "livro" was rented by student rafael at 21/2/2015.
Book "livro" was rented by student rafael at 21/2/2015.
Added new book "livro" at 21/5/1205.
Book "livro" was rented by student rafael at 21/5/1205.
Added new book "livro" at 21/5/1205.
Book "livro" was rented by student rafael at 21/5/1205.
Added new note "note" at 21/5/1205.
Note "note" was rented by teacher sarita at 21/5/1205.
Added new book "livro" at 22/5/2016.
Book "livro" was rented by student rafael at 22/5/2016.
Added new book "livro" at 22/5/2016.
Book "livro" was rented by student rafael at 22/5/2016.
Added new note "note" at 22/5/2016.
Note "note" was rented by teacher sarita at 22/5/2016.
Added new book "livro" at 20/5/2200.
Book "livro" was rented by student rafael at 20/5/2200.
Added new book "livro" at 20/5/2200.
Book "livro" was rented by student rafael at 20/5/2200.
Added new note "note" at 20/5/2200.
Note "note" was rented by teacher sarita at 20/5/2200.
Added new book "livro" at 20/2/2200.
Book "livro" was rented by student rafael at 20/2/2200.
Added new book "livro" at 20/2/2200.
Book "livro" was rented by student rafael at 20/2/2200.
Added new note "note" at 20/2/2200.
Note "note" was rented by teacher sarita at 20/2/2200.
Added new book "livro" at 20/2/2200.
Book "livro" was rented by student rafael at 20/2/2200.
Added new book "livro" at 20/2/2200.
Book "livro" was rented by student rafael at 20/2/2200.
Added new note "note" at 20/2/2200.
Note "note" was rented by teacher sarita at 20/2/2200.
Added new book "livro" at 20/2/2300.
Book "livro" was rented by student rafael at 20/2/2300.
Added new book "livro" at 20/2/2300.
Book "livro" was rented by student rafael at 20/2/2300.
Added new note "note" at 20/2/2300.
Note "note" was rented by teacher sarita at 20/2/2300.
Book "livro" was refunded by student rafael at 20/2/2300.
Added new book "livro" at 20/4/2500.
Added new book "livro" at 20/4/2500.
Book "livro" was rented by student rafael at 20/4/2500.
Added new note "note" at 20/4/2500.
Note "note" was rented by teacher sarita at 20/4/2500.
Added new book "livro ju" at 20/4/2500.
Added new book "livro ju" at 20/4/2500.
Book "livro ju" was rented by student ju at 20/4/2500.
Book "livro ju" was rented by student ju at 20/4/2500.
Book "livro ju" was refunded by student ju at 20/4/2500.
Book "livro ju" was refunded by student ju at 20/4/2500.
Note "note" was refunded by teacher sarita at 20/4/2500.
