Added student "rafael" at 21/5/2015.
Added teacher "sarita" at 21/5/2015.
Rented book "livro1" for teacher sarita at 21/5/2015. User has 1 files now.
Teacher sarita refunded book "livro1" at 21/5/2015. User has 0 files now.
Rented book "livro1" for student rafael at 21/5/2015. User has 1 files now.
Added student "rafael" at 22/5/2015.
Added teacher "jorgotroll" at 22/5/2015.
Added student "pedro" at 24/5/1202.
Rented book "book" for student pedro at 24/5/1202. User has 1 files now.
Added student "sad" at 23/4/2014.
Added student "carlos" at 30/1/2016.
Added teacher "denis wolf" at 30/1/2016.
Added community "rep" at 30/1/2016.
Added student "rafael" at 5/5/2005.
Added teacher "test" at 5/5/2005.
Added community "com" at 5/5/2005.
Added student "blabal" at 4/4/2004.
Added teacher "adasd" at 4/4/2004.
Rented book "livro" for student blabal at 4/4/2004. User has 1 files now.
Added student "rafael" at 3/3/2003.
Rented book "livro" for student rafael at 3/3/2003. User has 1 files now.
Added student "rafael" at 23/3/1232.
Added teacher "sarita" at 23/3/1232.
Added student "rafael" at 23/4/5432.
Added teacher "sarita" at 23/4/5432.
Added student "rafael" at 23/3/3323.
Added teacher "sarita" at 23/3/3323.
Rented book "livro" for student rafael at 23/3/3323. User has 1 files now.
Rented note "note" for teacher sarita at 23/3/3323. User has 1 files now.
Added student "rafael" at 4/4/2313.
Added teacher "sarita" at 4/4/2313.
Added student "rafael" at 3/12/1232.
Added teacher "sarita" at 3/12/1232.
Rented book "livro" for student rafael at 3/12/1232. User has 1 files now.
Added teacher "sarita" at 3/3/1234.
Added teacher "sarita" at 2/2/2002.
Rented note "note" for teacher sarita at 2/2/2002. User has 1 files now.
Added teacher "sarita" at 3/3/1202.
Rented note "note" for teacher sarita at 3/3/1202. User has 1 files now.
Added student "rafael" at 3/3/1202.
Rented book "livro" for student rafael at 3/3/1202. User has 1 files now.
Added student "rafael" at 2/2/1233.
Rented book "livro" for student rafael at 2/2/1233. User has 1 files now.
Added student "rafael" at 23/2/3123.
Rented book "livro" for student rafael at 23/2/3123. User has 1 files now.
Added student "jdsd" at 23/2/3123.
Rented book "book" for student jdsd at 23/2/3123. User has 1 files now.
Added student "pedro" at 23/2/3123.
Rented book "book2" for student pedro at 23/2/3123. User has 1 files now.
Added student "pedro" at 3/3/1233.
Rented book "book2" for student pedro at 3/3/1233. User has 1 files now.
Added student "pedro" at 23/2/2312.
Rented book "book2" for student pedro at 23/2/2312. User has 1 files now.
Added student "rafael" at 2/2/1222.
Rented book "livro" for student rafael at 2/2/1222. User has 1 files now.
Added teacher "sarita" at 2/2/1222.
Rented book "teste" for teacher sarita at 2/2/1222. User has 1 files now.
Added student "rafael" at 3/3/1232.
Added teacher "sarita" at 3/3/1232.
Rented book "livro" for student rafael at 3/3/1232. User has 1 files now.
Rented book "teste" for teacher sarita at 3/3/1232. User has 1 files now.
Added student "rafael" at 2/2/1232.
Added teacher "sarita" at 2/2/1232.
Rented book "livro" for student rafael at 2/2/1232. User has 1 files now.
Rented book "teste" for teacher sarita at 2/2/1232. User has 1 files now.
Added student "add book" at 2/2/2132.
Rented book "livro" for student add book at 2/2/2132. User has 1 files now.
Added student "add book" at 2/3/1232.
Rented book "livro" for student add book at 2/3/1232. User has 1 files now.
Added student "add book" at 2/2/1232.
Rented book "livro" for student add book at 2/2/1232. User has 1 files now.
Added student "rafael" at 2/3/1232.
Added student "troll" at 2/3/1232.
Rented note "note" for student troll at 2/3/1232. User has 1 files now.
Rented book "livro" for student rafael at 2/3/1232. User has 1 files now.
Added student "rafael" at 2/2/1232.
Added student "rafaelStudent" at 2/2/1232.
Rented book "livro" for student rafael at 2/2/1232. User has 1 files now.
Rented book "livro" for student rafael at 2/2/1232. User has 2 files now.
Added student "rafael" at 2/2/1232.
Added student "rafaelStudent" at 2/2/1232.
Rented book "livro" for student rafael at 2/2/1232. User has 1 files now.
Added student "rafael" at 10/10/1000.
Rented book "livro" for student rafael at 10/10/1000. User has 1 files now.
Added teacher "troll" at 10/10/1000.
Rented note "note" for teacher troll at 10/10/1000. User has 1 files now.
Added student "rafael" at 2/2/1232.
Added teacher "troll" at 2/2/1232.
Rented book "livro" for student rafael at 2/2/1232. User has 1 files now.
Rented note "note" for teacher troll at 2/2/1232. User has 1 files now.
